0 info it worked if it ends with ok
1 verbose cli [
1 verbose cli   'C:\\Program Files\\nodejs\\node.exe',
1 verbose cli   'C:\\Users\\Victor de flos\\AppData\\Roaming\\npm\\node_modules\\npm\\bin\\npm-cli.js',
1 verbose cli   'i',
1 verbose cli   'react-responsive'
1 verbose cli ]
2 info using npm@6.14.0
3 info using node@v14.16.0
4 verbose npm-session 4b7d12fd58d40c0b
5 silly install loadCurrentTree
6 silly install readLocalPackageData
7 http fetch GET 200 https://registry.npmjs.org/react-responsive 247ms
8 http fetch GET 200 https://registry.npmjs.org/react-responsive/-/react-responsive-8.2.0.tgz 178ms
9 silly pacote tag manifest for react-responsive@latest fetched in 449ms
10 timing stage:loadCurrentTree Completed in 3154ms
11 silly install loadIdealTree
12 silly install cloneCurrentTreeToIdealTree
13 timing stage:loadIdealTree:cloneCurrentTree Completed in 19ms
14 silly install loadShrinkwrap
15 warn read-shrinkwrap This version of npm is compatible with lockfileVersion@1, but package-lock.json was generated for lockfileVersion@2. I'll try to do my best with it!
16 http fetch GET 304 https://registry.npmjs.org/@babel%2fcore 313ms (from cache)
17 silly pacote version manifest for @babel/core@7.12.3 fetched in 318ms
18 silly pacote version manifest for @babel/core@7.12.3 fetched in 7ms
19 silly pacote version manifest for @babel/core@7.12.17 fetched in 1ms
20 silly pacote version manifest for @babel/core@7.12.17 fetched in 1ms
21 silly pacote version manifest for @babel/core@7.12.17 fetched in 3ms
22 silly pacote version manifest for @babel/core@7.12.17 fetched in 2ms
23 silly pacote version manifest for @babel/core@7.12.17 fetched in 2ms
24 silly pacote version manifest for @babel/core@7.12.17 fetched in 1ms
25 silly pacote version manifest for @babel/core@7.12.17 fetched in 2ms
26 silly pacote version manifest for @babel/core@7.12.17 fetched in 2ms
27 http fetch GET 304 https://registry.npmjs.org/jest-resolve 105ms (from cache)
28 silly pacote version manifest for jest-resolve@26.6.0 fetched in 108ms
29 timing stage:loadIdealTree:loadShrinkwrap Completed in 1447ms
30 silly install loadAllDepsIntoIdealTree
31 silly resolveWithNewModule react-responsive@8.2.0 checking installable status
32 http fetch GET 200 https://registry.npmjs.org/hyphenate-style-name 149ms
33 http fetch GET 200 https://registry.npmjs.org/shallow-equal 202ms
34 http fetch GET 200 https://registry.npmjs.org/hyphenate-style-name/-/hyphenate-style-name-1.0.4.tgz 80ms
35 silly pacote range manifest for hyphenate-style-name@^1.0.0 fetched in 250ms
36 silly resolveWithNewModule hyphenate-style-name@1.0.4 checking installable status
37 http fetch GET 200 https://registry.npmjs.org/shallow-equal/-/shallow-equal-1.2.1.tgz 94ms
38 silly pacote range manifest for shallow-equal@^1.1.0 fetched in 308ms
39 silly resolveWithNewModule shallow-equal@1.2.1 checking installable status
40 http fetch GET 200 https://registry.npmjs.org/matchmediaquery 978ms
41 http fetch GET 200 https://registry.npmjs.org/matchmediaquery/-/matchmediaquery-0.3.1.tgz 150ms
42 silly pacote range manifest for matchmediaquery@^0.3.0 fetched in 1135ms
43 silly resolveWithNewModule matchmediaquery@0.3.1 checking installable status
44 http fetch GET 200 https://registry.npmjs.org/css-mediaquery 1116ms
45 http fetch GET 200 https://registry.npmjs.org/css-mediaquery/-/css-mediaquery-0.1.2.tgz 76ms
46 silly pacote range manifest for css-mediaquery@^0.1.2 fetched in 1199ms
47 silly resolveWithNewModule css-mediaquery@0.1.2 checking installable status
48 http fetch GET 304 https://registry.npmjs.org/fsevents 116ms (from cache)
49 silly pacote range manifest for fsevents@^2.1.2 fetched in 118ms
50 silly resolveWithNewModule fsevents@2.3.2 checking installable status
51 verbose stack RangeError: Maximum call stack size exceeded
51 verbose stack     at failedDependency (C:\Users\Victor de flos\AppData\Roaming\npm\node_modules\npm\lib\install\deps.js:435:27)
51 verbose stack     at failedDependency (C:\Users\Victor de flos\AppData\Roaming\npm\node_modules\npm\lib\install\deps.js:453:9)
51 verbose stack     at failedDependency (C:\Users\Victor de flos\AppData\Roaming\npm\node_modules\npm\lib\install\deps.js:453:9)
51 verbose stack     at failedDependency (C:\Users\Victor de flos\AppData\Roaming\npm\node_modules\npm\lib\install\deps.js:453:9)
51 verbose stack     at failedDependency (C:\Users\Victor de flos\AppData\Roaming\npm\node_modules\npm\lib\install\deps.js:453:9)
51 verbose stack     at failedDependency (C:\Users\Victor de flos\AppData\Roaming\npm\node_modules\npm\lib\install\deps.js:453:9)
51 verbose stack     at failedDependency (C:\Users\Victor de flos\AppData\Roaming\npm\node_modules\npm\lib\install\deps.js:453:9)
51 verbose stack     at failedDependency (C:\Users\Victor de flos\AppData\Roaming\npm\node_modules\npm\lib\install\deps.js:453:9)
51 verbose stack     at failedDependency (C:\Users\Victor de flos\AppData\Roaming\npm\node_modules\npm\lib\install\deps.js:453:9)
51 verbose stack     at failedDependency (C:\Users\Victor de flos\AppData\Roaming\npm\node_modules\npm\lib\install\deps.js:453:9)
51 verbose stack     at failedDependency (C:\Users\Victor de flos\AppData\Roaming\npm\node_modules\npm\lib\install\deps.js:453:9)
51 verbose stack     at failedDependency (C:\Users\Victor de flos\AppData\Roaming\npm\node_modules\npm\lib\install\deps.js:453:9)
51 verbose stack     at failedDependency (C:\Users\Victor de flos\AppData\Roaming\npm\node_modules\npm\lib\install\deps.js:453:9)
51 verbose stack     at failedDependency (C:\Users\Victor de flos\AppData\Roaming\npm\node_modules\npm\lib\install\deps.js:453:9)
51 verbose stack     at failedDependency (C:\Users\Victor de flos\AppData\Roaming\npm\node_modules\npm\lib\install\deps.js:453:9)
51 verbose stack     at failedDependency (C:\Users\Victor de flos\AppData\Roaming\npm\node_modules\npm\lib\install\deps.js:453:9)
52 verbose cwd C:\Users\Victor de flos\Desktop\Game Over\CV-P-VictorDeflos
53 verbose Windows_NT 10.0.21364
54 verbose argv "C:\\Program Files\\nodejs\\node.exe" "C:\\Users\\Victor de flos\\AppData\\Roaming\\npm\\node_modules\\npm\\bin\\npm-cli.js" "i" "react-responsive"
55 verbose node v14.16.0
56 verbose npm  v6.14.0
57 error Maximum call stack size exceeded
58 verbose exit [ 1, true ]
