0 verbose cli [
0 verbose cli   'C:\\Program Files\\nodejs\\node.exe',
0 verbose cli   'C:\\Users\\Victor de flos\\AppData\\Roaming\\npm\\node_modules\\npm\\bin\\npm-cli.js',
0 verbose cli   'i'
0 verbose cli ]
1 info using npm@7.11.1
2 info using node@v14.16.0
3 timing npm:load:whichnode Completed in 2ms
4 timing config:load:defaults Completed in 2ms
5 timing config:load:file:C:\Users\Victor de flos\AppData\Roaming\npm\node_modules\npm\npmrc Completed in 1ms
6 timing config:load:builtin Completed in 1ms
7 timing config:load:cli Completed in 1ms
8 timing config:load:env Completed in 1ms
9 timing config:load:file:C:\Users\Victor de flos\Desktop\Game Over\CV-P-VictorDeflos\.npmrc Completed in 0ms
10 timing config:load:project Completed in 0ms
11 timing config:load:file:C:\Users\Victor de flos\.npmrc Completed in 1ms
12 timing config:load:user Completed in 1ms
13 timing config:load:file:C:\Users\Victor de flos\AppData\Roaming\npm\etc\npmrc Completed in 0ms
14 timing config:load:global Completed in 0ms
15 timing config:load:validate Completed in 1ms
16 timing config:load:credentials Completed in 1ms
17 timing config:load:setEnvs Completed in 0ms
18 timing config:load Completed in 8ms
19 timing npm:load:configload Completed in 8ms
20 timing npm:load:setTitle Completed in 1ms
21 timing npm:load:setupLog Completed in 1ms
22 timing npm:load:cleanupLog Completed in 2ms
23 timing npm:load:configScope Completed in 0ms
24 timing npm:load:projectScope Completed in 1ms
25 timing npm:load Completed in 15ms
26 timing config:load:flatten Completed in 3ms
27 timing arborist:ctor Completed in 0ms
28 timing idealTree:init Completed in 707ms
29 timing idealTree:userRequests Completed in 0ms
30 silly idealTree buildDeps
31 silly fetch manifest components@^0.1.0
32 verbose shrinkwrap failed to load node_modules/.package-lock.json out of date, updated: node_modules
33 http fetch GET 200 https://registry.npmjs.org/components 23ms (from cache)
34 silly fetch manifest framer@^1.2.29
35 http fetch GET 200 https://registry.npmjs.org/framer 184ms (from cache)
36 silly fetch manifest react@^17.0.2
37 http fetch GET 304 https://registry.npmjs.org/react 943ms (from cache)
38 silly fetch manifest react@^16.12.0
39 timing idealTree Completed in 1877ms
40 timing command:install Completed in 1890ms
41 verbose stack Error: unable to resolve dependency tree
41 verbose stack     at Arborist.[failPeerConflict] (C:\Users\Victor de flos\AppData\Roaming\npm\node_modules\npm\node_modules\@npmcli\arborist\lib\arborist\build-ideal-tree.js:1220:25)
41 verbose stack     at Arborist.[loadPeerSet] (C:\Users\Victor de flos\AppData\Roaming\npm\node_modules\npm\node_modules\@npmcli\arborist\lib\arborist\build-ideal-tree.js:1187:34)
41 verbose stack     at async Arborist.[buildDepStep] (C:\Users\Victor de flos\AppData\Roaming\npm\node_modules\npm\node_modules\@npmcli\arborist\lib\arborist\build-ideal-tree.js:891:11)
41 verbose stack     at async Arborist.buildIdealTree (C:\Users\Victor de flos\AppData\Roaming\npm\node_modules\npm\node_modules\@npmcli\arborist\lib\arborist\build-ideal-tree.js:217:7)
41 verbose stack     at async Promise.all (index 1)
41 verbose stack     at async Arborist.reify (C:\Users\Victor de flos\AppData\Roaming\npm\node_modules\npm\node_modules\@npmcli\arborist\lib\arborist\reify.js:135:5)
41 verbose stack     at async Install.install (C:\Users\Victor de flos\AppData\Roaming\npm\node_modules\npm\lib\install.js:137:5)
42 verbose cwd C:\Users\Victor de flos\Desktop\Game Over\CV-P-VictorDeflos
43 verbose Windows_NT 10.0.21364
44 verbose argv "C:\\Program Files\\nodejs\\node.exe" "C:\\Users\\Victor de flos\\AppData\\Roaming\\npm\\node_modules\\npm\\bin\\npm-cli.js" "i"
45 verbose node v14.16.0
46 verbose npm  v7.11.1
47 error code ERESOLVE
48 error ERESOLVE unable to resolve dependency tree
49 error
50 error While resolving: [1mvictor_de_flos[22m@[1m0.1.0[22m
50 error Found: [1mreact[22m@[1m17.0.2[22m[2m[22m
50 error [2mnode_modules/react[22m
50 error   [1mreact[22m@"[1m^17.0.2[22m" from the root project
50 error
50 error Could not resolve dependency:
50 error [35mpeer[39m [1mreact[22m@"[1m^16.12.0[22m" from [1mframer[22m@[1m1.2.29[22m[2m[22m
50 error [2mnode_modules/framer[22m
50 error   [1mframer[22m@"[1m^1.2.29[22m" from the root project
50 error
50 error Fix the upstream dependency conflict, or retry
50 error this command with --force, or --legacy-peer-deps
50 error to accept an incorrect (and potentially broken) dependency resolution.
50 error
50 error See C:\Users\Victor de flos\Desktop\Game Over\CV-P-VictorDeflos\eresolve-report.txt for a full report.
51 verbose exit 1
